Started GET "/" for 127.0.0.1 at 2018-10-13 18:27:20 +0100
Processing by Rails::WelcomeController#index as HTML
  Rendering /usr/local/rvm/gems/ruby-2.3.7/gems/railties-5.2.1/lib/rails/templates/rails/welcome/index.html.erb
  Rendered /usr/local/rvm/gems/ruby-2.3.7/gems/railties-5.2.1/lib/rails/templates/rails/welcome/index.html.erb (7.8ms)
Completed 200 OK in 59ms (Views: 30.8ms | ActiveRecord: 0.0ms)


Started GET "/" for 127.0.0.1 at 2018-10-13 18:28:14 +0100
Processing by Rails::WelcomeController#index as HTML
  Rendering /usr/local/rvm/gems/ruby-2.3.7/gems/railties-5.2.1/lib/rails/templates/rails/welcome/index.html.erb
  Rendered /usr/local/rvm/gems/ruby-2.3.7/gems/railties-5.2.1/lib/rails/templates/rails/welcome/index.html.erb (4.1ms)
Completed 200 OK in 17ms (Views: 11.4ms | ActiveRecord: 0.0ms)


Started GET "/welcome" for 127.0.0.1 at 2018-10-13 18:32:14 +0100
  
Started GET "/welcome" for 127.0.0.1 at 2018-10-13 18:32:24 +0100
NoMethodError (undefined method `get' for main:Object
Did you mean?  gets
               gem):
  
ActionController::RoutingError (No route matches [GET] "/welcome"):
  
  
config/routes.rb:1:in `<main>'
actionpack (5.2.1) lib/action_dispatch/middleware/debug_exceptions.rb:65:in `call'
web-console (3.7.0) lib/web_console/middleware.rb:135:in `call_app'
web-console (3.7.0) lib/web_console/middleware.rb:30:in `block in call'
web-console (3.7.0) lib/web_console/middleware.rb:20:in `catch'
web-console (3.7.0) lib/web_console/middleware.rb:20:in `call'
actionpack (5.2.1) lib/action_dispatch/middleware/show_exceptions.rb:33:in `call'
railties (5.2.1) lib/rails/rack/logger.rb:38:in `call_app'
railties (5.2.1) lib/rails/rack/logger.rb:26:in `block in call'
activesupport (5.2.1) lib/active_support/tagged_logging.rb:71:in `block in tagged'
activesupport (5.2.1) lib/active_support/tagged_logging.rb:28:in `tagged'
activesupport (5.2.1) lib/active_support/tagged_logging.rb:71:in `tagged'
railties (5.2.1) lib/rails/rack/logger.rb:26:in `call'
sprockets-rails (3.2.1) lib/sprockets/rails/quiet_assets.rb:13:in `call'
actionpack (5.2.1) lib/action_dispatch/middleware/remote_ip.rb:81:in `call'
actionpack (5.2.1) lib/action_dispatch/middleware/request_id.rb:27:in `call'
rack (2.0.5) lib/rack/method_override.rb:22:in `call'
rack (2.0.5) lib/rack/runtime.rb:22:in `call'
activesupport (5.2.1) lib/active_support/cache/strategy/local_cache_middleware.rb:29:in `call'
actionpack (5.2.1) lib/action_dispatch/middleware/executor.rb:14:in `call'
actionpack (5.2.1) lib/action_dispatch/middleware/static.rb:127:in `call'
rack (2.0.5) lib/rack/sendfile.rb:111:in `call'
railties (5.2.1) lib/rails/engine.rb:524:in `call'
puma (3.12.0) lib/puma/configuration.rb:225:in `call'
puma (3.12.0) lib/puma/server.rb:658:in `handle_request'
puma (3.12.0) lib/puma/server.rb:472:in `process_client'
puma (3.12.0) lib/puma/server.rb:332:in `block in run'
puma (3.12.0) lib/puma/thread_pool.rb:133:in `block in spawn_thread'
Started GET "/welcome" for 127.0.0.1 at 2018-10-13 18:32:37 +0100
  
ActionController::RoutingError (No route matches [GET] "/welcome"):
  
actionpack (5.2.1) lib/action_dispatch/middleware/debug_exceptions.rb:65:in `call'
web-console (3.7.0) lib/web_console/middleware.rb:135:in `call_app'
web-console (3.7.0) lib/web_console/middleware.rb:30:in `block in call'
web-console (3.7.0) lib/web_console/middleware.rb:20:in `catch'
web-console (3.7.0) lib/web_console/middleware.rb:20:in `call'
actionpack (5.2.1) lib/action_dispatch/middleware/show_exceptions.rb:33:in `call'
railties (5.2.1) lib/rails/rack/logger.rb:38:in `call_app'
railties (5.2.1) lib/rails/rack/logger.rb:26:in `block in call'
activesupport (5.2.1) lib/active_support/tagged_logging.rb:71:in `block in tagged'
activesupport (5.2.1) lib/active_support/tagged_logging.rb:28:in `tagged'
activesupport (5.2.1) lib/active_support/tagged_logging.rb:71:in `tagged'
railties (5.2.1) lib/rails/rack/logger.rb:26:in `call'
sprockets-rails (3.2.1) lib/sprockets/rails/quiet_assets.rb:13:in `call'
actionpack (5.2.1) lib/action_dispatch/middleware/remote_ip.rb:81:in `call'
actionpack (5.2.1) lib/action_dispatch/middleware/request_id.rb:27:in `call'
rack (2.0.5) lib/rack/method_override.rb:22:in `call'
rack (2.0.5) lib/rack/runtime.rb:22:in `call'
activesupport (5.2.1) lib/active_support/cache/strategy/local_cache_middleware.rb:29:in `call'
actionpack (5.2.1) lib/action_dispatch/middleware/executor.rb:14:in `call'
actionpack (5.2.1) lib/action_dispatch/middleware/static.rb:127:in `call'
rack (2.0.5) lib/rack/sendfile.rb:111:in `call'
railties (5.2.1) lib/rails/engine.rb:524:in `call'
puma (3.12.0) lib/puma/configuration.rb:225:in `call'
puma (3.12.0) lib/puma/server.rb:658:in `handle_request'
puma (3.12.0) lib/puma/server.rb:472:in `process_client'
puma (3.12.0) lib/puma/server.rb:332:in `block in run'
puma (3.12.0) lib/puma/thread_pool.rb:133:in `block in spawn_thread'
Started GET "/" for 127.0.0.1 at 2018-10-13 18:33:35 +0100
  
NoMethodError (undefined method `get' for main:Object
Did you mean?  gets
               gem):
  
config/routes.rb:1:in `<main>'
Started GET "/" for 127.0.0.1 at 2018-10-13 18:33:46 +0100
  
ActionController::RoutingError (No route matches [GET] "/"):
  
actionpack (5.2.1) lib/action_dispatch/middleware/debug_exceptions.rb:65:in `call'
web-console (3.7.0) lib/web_console/middleware.rb:135:in `call_app'
web-console (3.7.0) lib/web_console/middleware.rb:30:in `block in call'
web-console (3.7.0) lib/web_console/middleware.rb:20:in `catch'
web-console (3.7.0) lib/web_console/middleware.rb:20:in `call'
actionpack (5.2.1) lib/action_dispatch/middleware/show_exceptions.rb:33:in `call'
railties (5.2.1) lib/rails/rack/logger.rb:38:in `call_app'
railties (5.2.1) lib/rails/rack/logger.rb:26:in `block in call'
activesupport (5.2.1) lib/active_support/tagged_logging.rb:71:in `block in tagged'
activesupport (5.2.1) lib/active_support/tagged_logging.rb:28:in `tagged'
activesupport (5.2.1) lib/active_support/tagged_logging.rb:71:in `tagged'
railties (5.2.1) lib/rails/rack/logger.rb:26:in `call'
sprockets-rails (3.2.1) lib/sprockets/rails/quiet_assets.rb:13:in `call'
actionpack (5.2.1) lib/action_dispatch/middleware/remote_ip.rb:81:in `call'
actionpack (5.2.1) lib/action_dispatch/middleware/request_id.rb:27:in `call'
rack (2.0.5) lib/rack/method_override.rb:22:in `call'
rack (2.0.5) lib/rack/runtime.rb:22:in `call'
activesupport (5.2.1) lib/active_support/cache/strategy/local_cache_middleware.rb:29:in `call'
actionpack (5.2.1) lib/action_dispatch/middleware/executor.rb:14:in `call'
actionpack (5.2.1) lib/action_dispatch/middleware/static.rb:127:in `call'
rack (2.0.5) lib/rack/sendfile.rb:111:in `call'
railties (5.2.1) lib/rails/engine.rb:524:in `call'
puma (3.12.0) lib/puma/configuration.rb:225:in `call'
puma (3.12.0) lib/puma/server.rb:658:in `handle_request'
puma (3.12.0) lib/puma/server.rb:472:in `process_client'
puma (3.12.0) lib/puma/server.rb:332:in `block in run'
puma (3.12.0) lib/puma/thread_pool.rb:133:in `block in spawn_thread'
Started GET "/" for 127.0.0.1 at 2018-10-13 18:33:52 +0100
  
NoMethodError (undefined method `get' for main:Object
Did you mean?  gets
               gem):
  
config/routes.rb:1:in `<main>'
Started GET "/" for 127.0.0.1 at 2018-10-13 18:34:05 +0100
Processing by Rails::WelcomeController#index as HTML
  Rendering /usr/local/rvm/gems/ruby-2.3.7/gems/railties-5.2.1/lib/rails/templates/rails/welcome/index.html.erb
  Rendered /usr/local/rvm/gems/ruby-2.3.7/gems/railties-5.2.1/lib/rails/templates/rails/welcome/index.html.erb (3.3ms)
Completed 200 OK in 12ms (Views: 7.7ms | ActiveRecord: 0.0ms)


Started GET "/" for 127.0.0.1 at 2018-10-13 18:35:30 +0100
Processing by Rails::WelcomeController#index as HTML
  Rendering /usr/local/rvm/gems/ruby-2.3.7/gems/railties-5.2.1/lib/rails/templates/rails/welcome/index.html.erb
  Rendered /usr/local/rvm/gems/ruby-2.3.7/gems/railties-5.2.1/lib/rails/templates/rails/welcome/index.html.erb (2.7ms)
Completed 200 OK in 13ms (Views: 6.9ms | ActiveRecord: 0.0ms)


Started GET "/welcome" for 127.0.0.1 at 2018-10-13 18:35:34 +0100
Processing by PagesController#home as HTML
Completed 406 Not Acceptable in 285ms (ActiveRecord: 0.0ms)


  
ActionController::UnknownFormat (PagesController#home is missing a template for this request format and variant.

request.formats: ["text/html"]
request.variant: []

NOTE! For XHR/Ajax or API requests, this action would normally respond with 204 No Content: an empty white screen. Since you're loading it in a web browser, we assume that you expected to actually render a template, not nothing, so we're showing an error to be extra-clear. If you expect 204 No Content, carry on. That's what you'll get from an XHR or API request. Give it a shot.):
  
actionpack (5.2.1) lib/action_controller/metal/implicit_render.rb:55:in `default_render'
actionpack (5.2.1) lib/action_controller/metal/basic_implicit_render.rb:6:in `block in send_action'
actionpack (5.2.1) lib/action_controller/metal/basic_implicit_render.rb:6:in `tap'
actionpack (5.2.1) lib/action_controller/metal/basic_implicit_render.rb:6:in `send_action'
actionpack (5.2.1) lib/abstract_controller/base.rb:194:in `process_action'
actionpack (5.2.1) lib/action_controller/metal/rendering.rb:30:in `process_action'
actionpack (5.2.1) lib/abstract_controller/callbacks.rb:42:in `block in process_action'
activesupport (5.2.1) lib/active_support/callbacks.rb:132:in `run_callbacks'
actionpack (5.2.1) lib/abstract_controller/callbacks.rb:41:in `process_action'
actionpack (5.2.1) lib/action_controller/metal/rescue.rb:22:in `process_action'
actionpack (5.2.1) lib/action_controller/metal/instrumentation.rb:34:in `block in process_action'
activesupport (5.2.1) lib/active_support/notifications.rb:168:in `block in instrument'
activesupport (5.2.1) lib/active_support/notifications/instrumenter.rb:23:in `instrument'
activesupport (5.2.1) lib/active_support/notifications.rb:168:in `instrument'
actionpack (5.2.1) lib/action_controller/metal/instrumentation.rb:32:in `process_action'
actionpack (5.2.1) lib/action_controller/metal/params_wrapper.rb:256:in `process_action'
activerecord (5.2.1) lib/active_record/railties/controller_runtime.rb:24:in `process_action'
actionpack (5.2.1) lib/abstract_controller/base.rb:134:in `process'
actionview (5.2.1) lib/action_view/rendering.rb:32:in `process'
actionpack (5.2.1) lib/action_controller/metal.rb:191:in `dispatch'
actionpack (5.2.1) lib/action_controller/metal.rb:252:in `dispatch'
actionpack (5.2.1) lib/action_dispatch/routing/route_set.rb:52:in `dispatch'
actionpack (5.2.1) lib/action_dispatch/routing/route_set.rb:34:in `serve'
actionpack (5.2.1) lib/action_dispatch/journey/router.rb:52:in `block in serve'
actionpack (5.2.1) lib/action_dispatch/journey/router.rb:35:in `each'
actionpack (5.2.1) lib/action_dispatch/journey/router.rb:35:in `serve'
actionpack (5.2.1) lib/action_dispatch/routing/route_set.rb:840:in `call'
rack (2.0.5) lib/rack/tempfile_reaper.rb:15:in `call'
rack (2.0.5) lib/rack/etag.rb:25:in `call'
rack (2.0.5) lib/rack/conditional_get.rb:25:in `call'
rack (2.0.5) lib/rack/head.rb:12:in `call'
actionpack (5.2.1) lib/action_dispatch/http/content_security_policy.rb:18:in `call'
rack (2.0.5) lib/rack/session/abstract/id.rb:232:in `context'
rack (2.0.5) lib/rack/session/abstract/id.rb:226:in `call'
actionpack (5.2.1) lib/action_dispatch/middleware/cookies.rb:670:in `call'
activerecord (5.2.1) lib/active_record/migration.rb:559:in `call'
actionpack (5.2.1) lib/action_dispatch/middleware/callbacks.rb:28:in `block in call'
activesupport (5.2.1) lib/active_support/callbacks.rb:98:in `run_callbacks'
actionpack (5.2.1) lib/action_dispatch/middleware/callbacks.rb:26:in `call'
actionpack (5.2.1) lib/action_dispatch/middleware/executor.rb:14:in `call'
actionpack (5.2.1) lib/action_dispatch/middleware/debug_exceptions.rb:61:in `call'
web-console (3.7.0) lib/web_console/middleware.rb:135:in `call_app'
web-console (3.7.0) lib/web_console/middleware.rb:30:in `block in call'
web-console (3.7.0) lib/web_console/middleware.rb:20:in `catch'
web-console (3.7.0) lib/web_console/middleware.rb:20:in `call'
actionpack (5.2.1) lib/action_dispatch/middleware/show_exceptions.rb:33:in `call'
railties (5.2.1) lib/rails/rack/logger.rb:38:in `call_app'
railties (5.2.1) lib/rails/rack/logger.rb:26:in `block in call'
activesupport (5.2.1) lib/active_support/tagged_logging.rb:71:in `block in tagged'
activesupport (5.2.1) lib/active_support/tagged_logging.rb:28:in `tagged'
activesupport (5.2.1) lib/active_support/tagged_logging.rb:71:in `tagged'
railties (5.2.1) lib/rails/rack/logger.rb:26:in `call'
sprockets-rails (3.2.1) lib/sprockets/rails/quiet_assets.rb:13:in `call'
actionpack (5.2.1) lib/action_dispatch/middleware/remote_ip.rb:81:in `call'
actionpack (5.2.1) lib/action_dispatch/middleware/request_id.rb:27:in `call'
rack (2.0.5) lib/rack/method_override.rb:22:in `call'
rack (2.0.5) lib/rack/runtime.rb:22:in `call'
activesupport (5.2.1) lib/active_support/cache/strategy/local_cache_middleware.rb:29:in `call'
actionpack (5.2.1) lib/action_dispatch/middleware/executor.rb:14:in `call'
actionpack (5.2.1) lib/action_dispatch/middleware/static.rb:127:in `call'
rack (2.0.5) lib/rack/sendfile.rb:111:in `call'
railties (5.2.1) lib/rails/engine.rb:524:in `call'
puma (3.12.0) lib/puma/configuration.rb:225:in `call'
puma (3.12.0) lib/puma/server.rb:658:in `handle_request'
puma (3.12.0) lib/puma/server.rb:472:in `process_client'
puma (3.12.0) lib/puma/server.rb:332:in `block in run'
puma (3.12.0) lib/puma/thread_pool.rb:133:in `block in spawn_thread'
Started GET "/welcome" for 127.0.0.1 at 2018-10-13 18:35:43 +0100
  
ArgumentError ('Pages' is not a supported controller name. This can lead to potential routing problems. See http://guides.rubyonrails.org/routing.html#specifying-a-controller-to-use):
  
config/routes.rb:2:in `block in <main>'
config/routes.rb:1:in `<main>'
Started GET "/Pages" for 127.0.0.1 at 2018-10-13 18:38:54 +0100
  
ArgumentError ('Pages' is not a supported controller name. This can lead to potential routing problems. See http://guides.rubyonrails.org/routing.html#specifying-a-controller-to-use):
  
config/routes.rb:2:in `block in <main>'
config/routes.rb:1:in `<main>'
Started GET "/pages" for 127.0.0.1 at 2018-10-13 18:38:58 +0100
  
ActionController::RoutingError (No route matches [GET] "/pages"):
  
actionpack (5.2.1) lib/action_dispatch/middleware/debug_exceptions.rb:65:in `call'
web-console (3.7.0) lib/web_console/middleware.rb:135:in `call_app'
web-console (3.7.0) lib/web_console/middleware.rb:30:in `block in call'
web-console (3.7.0) lib/web_console/middleware.rb:20:in `catch'
web-console (3.7.0) lib/web_console/middleware.rb:20:in `call'
actionpack (5.2.1) lib/action_dispatch/middleware/show_exceptions.rb:33:in `call'
railties (5.2.1) lib/rails/rack/logger.rb:38:in `call_app'
railties (5.2.1) lib/rails/rack/logger.rb:26:in `block in call'
activesupport (5.2.1) lib/active_support/tagged_logging.rb:71:in `block in tagged'
activesupport (5.2.1) lib/active_support/tagged_logging.rb:28:in `tagged'
activesupport (5.2.1) lib/active_support/tagged_logging.rb:71:in `tagged'
railties (5.2.1) lib/rails/rack/logger.rb:26:in `call'
sprockets-rails (3.2.1) lib/sprockets/rails/quiet_assets.rb:13:in `call'
actionpack (5.2.1) lib/action_dispatch/middleware/remote_ip.rb:81:in `call'
actionpack (5.2.1) lib/action_dispatch/middleware/request_id.rb:27:in `call'
rack (2.0.5) lib/rack/method_override.rb:22:in `call'
rack (2.0.5) lib/rack/runtime.rb:22:in `call'
activesupport (5.2.1) lib/active_support/cache/strategy/local_cache_middleware.rb:29:in `call'
actionpack (5.2.1) lib/action_dispatch/middleware/executor.rb:14:in `call'
actionpack (5.2.1) lib/action_dispatch/middleware/static.rb:127:in `call'
rack (2.0.5) lib/rack/sendfile.rb:111:in `call'
railties (5.2.1) lib/rails/engine.rb:524:in `call'
puma (3.12.0) lib/puma/configuration.rb:225:in `call'
puma (3.12.0) lib/puma/server.rb:658:in `handle_request'
puma (3.12.0) lib/puma/server.rb:472:in `process_client'
puma (3.12.0) lib/puma/server.rb:332:in `block in run'
puma (3.12.0) lib/puma/thread_pool.rb:133:in `block in spawn_thread'
Started GET "/blog" for 127.0.0.1 at 2018-10-13 18:39:01 +0100
  
ActionController::RoutingError (No route matches [GET] "/blog"):
  
actionpack (5.2.1) lib/action_dispatch/middleware/debug_exceptions.rb:65:in `call'
web-console (3.7.0) lib/web_console/middleware.rb:135:in `call_app'
web-console (3.7.0) lib/web_console/middleware.rb:30:in `block in call'
web-console (3.7.0) lib/web_console/middleware.rb:20:in `catch'
web-console (3.7.0) lib/web_console/middleware.rb:20:in `call'
actionpack (5.2.1) lib/action_dispatch/middleware/show_exceptions.rb:33:in `call'
railties (5.2.1) lib/rails/rack/logger.rb:38:in `call_app'
railties (5.2.1) lib/rails/rack/logger.rb:26:in `block in call'
activesupport (5.2.1) lib/active_support/tagged_logging.rb:71:in `block in tagged'
activesupport (5.2.1) lib/active_support/tagged_logging.rb:28:in `tagged'
activesupport (5.2.1) lib/active_support/tagged_logging.rb:71:in `tagged'
railties (5.2.1) lib/rails/rack/logger.rb:26:in `call'
sprockets-rails (3.2.1) lib/sprockets/rails/quiet_assets.rb:13:in `call'
actionpack (5.2.1) lib/action_dispatch/middleware/remote_ip.rb:81:in `call'
actionpack (5.2.1) lib/action_dispatch/middleware/request_id.rb:27:in `call'
rack (2.0.5) lib/rack/method_override.rb:22:in `call'
rack (2.0.5) lib/rack/runtime.rb:22:in `call'
activesupport (5.2.1) lib/active_support/cache/strategy/local_cache_middleware.rb:29:in `call'
actionpack (5.2.1) lib/action_dispatch/middleware/executor.rb:14:in `call'
actionpack (5.2.1) lib/action_dispatch/middleware/static.rb:127:in `call'
rack (2.0.5) lib/rack/sendfile.rb:111:in `call'
railties (5.2.1) lib/rails/engine.rb:524:in `call'
puma (3.12.0) lib/puma/configuration.rb:225:in `call'
puma (3.12.0) lib/puma/server.rb:658:in `handle_request'
puma (3.12.0) lib/puma/server.rb:472:in `process_client'
puma (3.12.0) lib/puma/server.rb:332:in `block in run'
puma (3.12.0) lib/puma/thread_pool.rb:133:in `block in spawn_thread'
Started GET "/" for 127.0.0.1 at 2018-10-13 18:40:18 +0100
  
ActionController::RoutingError (No route matches [GET] "/"):
  
actionpack (5.2.1) lib/action_dispatch/middleware/debug_exceptions.rb:65:in `call'
web-console (3.7.0) lib/web_console/middleware.rb:135:in `call_app'
web-console (3.7.0) lib/web_console/middleware.rb:30:in `block in call'
web-console (3.7.0) lib/web_console/middleware.rb:20:in `catch'
web-console (3.7.0) lib/web_console/middleware.rb:20:in `call'
actionpack (5.2.1) lib/action_dispatch/middleware/show_exceptions.rb:33:in `call'
railties (5.2.1) lib/rails/rack/logger.rb:38:in `call_app'
railties (5.2.1) lib/rails/rack/logger.rb:26:in `block in call'
activesupport (5.2.1) lib/active_support/tagged_logging.rb:71:in `block in tagged'
activesupport (5.2.1) lib/active_support/tagged_logging.rb:28:in `tagged'
activesupport (5.2.1) lib/active_support/tagged_logging.rb:71:in `tagged'
railties (5.2.1) lib/rails/rack/logger.rb:26:in `call'
sprockets-rails (3.2.1) lib/sprockets/rails/quiet_assets.rb:13:in `call'
actionpack (5.2.1) lib/action_dispatch/middleware/remote_ip.rb:81:in `call'
actionpack (5.2.1) lib/action_dispatch/middleware/request_id.rb:27:in `call'
rack (2.0.5) lib/rack/method_override.rb:22:in `call'
rack (2.0.5) lib/rack/runtime.rb:22:in `call'
activesupport (5.2.1) lib/active_support/cache/strategy/local_cache_middleware.rb:29:in `call'
actionpack (5.2.1) lib/action_dispatch/middleware/executor.rb:14:in `call'
actionpack (5.2.1) lib/action_dispatch/middleware/static.rb:127:in `call'
rack (2.0.5) lib/rack/sendfile.rb:111:in `call'
railties (5.2.1) lib/rails/engine.rb:524:in `call'
puma (3.12.0) lib/puma/configuration.rb:225:in `call'
puma (3.12.0) lib/puma/server.rb:658:in `handle_request'
puma (3.12.0) lib/puma/server.rb:472:in `process_client'
puma (3.12.0) lib/puma/server.rb:332:in `block in run'
puma (3.12.0) lib/puma/thread_pool.rb:133:in `block in spawn_thread'
Started GET "/" for 127.0.0.1 at 2018-10-13 18:40:34 +0100
  
ActionController::RoutingError (No route matches [GET] "/"):
  
actionpack (5.2.1) lib/action_dispatch/middleware/debug_exceptions.rb:65:in `call'
web-console (3.7.0) lib/web_console/middleware.rb:135:in `call_app'
web-console (3.7.0) lib/web_console/middleware.rb:30:in `block in call'
web-console (3.7.0) lib/web_console/middleware.rb:20:in `catch'
web-console (3.7.0) lib/web_console/middleware.rb:20:in `call'
actionpack (5.2.1) lib/action_dispatch/middleware/show_exceptions.rb:33:in `call'
railties (5.2.1) lib/rails/rack/logger.rb:38:in `call_app'
railties (5.2.1) lib/rails/rack/logger.rb:26:in `block in call'
activesupport (5.2.1) lib/active_support/tagged_logging.rb:71:in `block in tagged'
activesupport (5.2.1) lib/active_support/tagged_logging.rb:28:in `tagged'
activesupport (5.2.1) lib/active_support/tagged_logging.rb:71:in `tagged'
railties (5.2.1) lib/rails/rack/logger.rb:26:in `call'
sprockets-rails (3.2.1) lib/sprockets/rails/quiet_assets.rb:13:in `call'
actionpack (5.2.1) lib/action_dispatch/middleware/remote_ip.rb:81:in `call'
actionpack (5.2.1) lib/action_dispatch/middleware/request_id.rb:27:in `call'
rack (2.0.5) lib/rack/method_override.rb:22:in `call'
rack (2.0.5) lib/rack/runtime.rb:22:in `call'
activesupport (5.2.1) lib/active_support/cache/strategy/local_cache_middleware.rb:29:in `call'
actionpack (5.2.1) lib/action_dispatch/middleware/executor.rb:14:in `call'
actionpack (5.2.1) lib/action_dispatch/middleware/static.rb:127:in `call'
rack (2.0.5) lib/rack/sendfile.rb:111:in `call'
railties (5.2.1) lib/rails/engine.rb:524:in `call'
puma (3.12.0) lib/puma/configuration.rb:225:in `call'
puma (3.12.0) lib/puma/server.rb:658:in `handle_request'
puma (3.12.0) lib/puma/server.rb:472:in `process_client'
puma (3.12.0) lib/puma/server.rb:332:in `block in run'
puma (3.12.0) lib/puma/thread_pool.rb:133:in `block in spawn_thread'
Started GET "/" for 127.0.0.1 at 2018-10-13 18:40:44 +0100
  
ArgumentError ('Pages' is not a supported controller name. This can lead to potential routing problems. See http://guides.rubyonrails.org/routing.html#specifying-a-controller-to-use):
  
config/routes.rb:2:in `block in <main>'
config/routes.rb:1:in `<main>'
Started GET "/" for 127.0.0.1 at 2018-10-13 18:41:03 +0100
Processing by Rails::WelcomeController#index as HTML
  Rendering /usr/local/rvm/gems/ruby-2.3.7/gems/railties-5.2.1/lib/rails/templates/rails/welcome/index.html.erb
  Rendered /usr/local/rvm/gems/ruby-2.3.7/gems/railties-5.2.1/lib/rails/templates/rails/welcome/index.html.erb (2.5ms)
Completed 200 OK in 14ms (Views: 8.5ms | ActiveRecord: 0.0ms)


Started GET "/" for 127.0.0.1 at 2018-10-13 18:41:17 +0100
Processing by Rails::WelcomeController#index as HTML
  Rendering /usr/local/rvm/gems/ruby-2.3.7/gems/railties-5.2.1/lib/rails/templates/rails/welcome/index.html.erb
  Rendered /usr/local/rvm/gems/ruby-2.3.7/gems/railties-5.2.1/lib/rails/templates/rails/welcome/index.html.erb (2.3ms)
Completed 200 OK in 11ms (Views: 6.3ms | ActiveRecord: 0.0ms)


Started GET "/pages" for 127.0.0.1 at 2018-10-13 18:41:20 +0100
  
ActionController::RoutingError (No route matches [GET] "/pages"):
  
actionpack (5.2.1) lib/action_dispatch/middleware/debug_exceptions.rb:65:in `call'
web-console (3.7.0) lib/web_console/middleware.rb:135:in `call_app'
web-console (3.7.0) lib/web_console/middleware.rb:30:in `block in call'
web-console (3.7.0) lib/web_console/middleware.rb:20:in `catch'
web-console (3.7.0) lib/web_console/middleware.rb:20:in `call'
actionpack (5.2.1) lib/action_dispatch/middleware/show_exceptions.rb:33:in `call'
railties (5.2.1) lib/rails/rack/logger.rb:38:in `call_app'
railties (5.2.1) lib/rails/rack/logger.rb:26:in `block in call'
activesupport (5.2.1) lib/active_support/tagged_logging.rb:71:in `block in tagged'
activesupport (5.2.1) lib/active_support/tagged_logging.rb:28:in `tagged'
activesupport (5.2.1) lib/active_support/tagged_logging.rb:71:in `tagged'
railties (5.2.1) lib/rails/rack/logger.rb:26:in `call'
sprockets-rails (3.2.1) lib/sprockets/rails/quiet_assets.rb:13:in `call'
actionpack (5.2.1) lib/action_dispatch/middleware/remote_ip.rb:81:in `call'
actionpack (5.2.1) lib/action_dispatch/middleware/request_id.rb:27:in `call'
rack (2.0.5) lib/rack/method_override.rb:22:in `call'
rack (2.0.5) lib/rack/runtime.rb:22:in `call'
activesupport (5.2.1) lib/active_support/cache/strategy/local_cache_middleware.rb:29:in `call'
actionpack (5.2.1) lib/action_dispatch/middleware/executor.rb:14:in `call'
actionpack (5.2.1) lib/action_dispatch/middleware/static.rb:127:in `call'
rack (2.0.5) lib/rack/sendfile.rb:111:in `call'
railties (5.2.1) lib/rails/engine.rb:524:in `call'
puma (3.12.0) lib/puma/configuration.rb:225:in `call'
puma (3.12.0) lib/puma/server.rb:658:in `handle_request'
puma (3.12.0) lib/puma/server.rb:472:in `process_client'
puma (3.12.0) lib/puma/server.rb:332:in `block in run'
puma (3.12.0) lib/puma/thread_pool.rb:133:in `block in spawn_thread'
Started GET "/pages_" for 127.0.0.1 at 2018-10-13 18:41:23 +0100
  
ActionController::RoutingError (No route matches [GET] "/pages_"):
  
actionpack (5.2.1) lib/action_dispatch/middleware/debug_exceptions.rb:65:in `call'
web-console (3.7.0) lib/web_console/middleware.rb:135:in `call_app'
web-console (3.7.0) lib/web_console/middleware.rb:30:in `block in call'
web-console (3.7.0) lib/web_console/middleware.rb:20:in `catch'
web-console (3.7.0) lib/web_console/middleware.rb:20:in `call'
actionpack (5.2.1) lib/action_dispatch/middleware/show_exceptions.rb:33:in `call'
railties (5.2.1) lib/rails/rack/logger.rb:38:in `call_app'
railties (5.2.1) lib/rails/rack/logger.rb:26:in `block in call'
activesupport (5.2.1) lib/active_support/tagged_logging.rb:71:in `block in tagged'
activesupport (5.2.1) lib/active_support/tagged_logging.rb:28:in `tagged'
activesupport (5.2.1) lib/active_support/tagged_logging.rb:71:in `tagged'
railties (5.2.1) lib/rails/rack/logger.rb:26:in `call'
sprockets-rails (3.2.1) lib/sprockets/rails/quiet_assets.rb:13:in `call'
actionpack (5.2.1) lib/action_dispatch/middleware/remote_ip.rb:81:in `call'
actionpack (5.2.1) lib/action_dispatch/middleware/request_id.rb:27:in `call'
rack (2.0.5) lib/rack/method_override.rb:22:in `call'
rack (2.0.5) lib/rack/runtime.rb:22:in `call'
activesupport (5.2.1) lib/active_support/cache/strategy/local_cache_middleware.rb:29:in `call'
actionpack (5.2.1) lib/action_dispatch/middleware/executor.rb:14:in `call'
actionpack (5.2.1) lib/action_dispatch/middleware/static.rb:127:in `call'
rack (2.0.5) lib/rack/sendfile.rb:111:in `call'
railties (5.2.1) lib/rails/engine.rb:524:in `call'
puma (3.12.0) lib/puma/configuration.rb:225:in `call'
puma (3.12.0) lib/puma/server.rb:658:in `handle_request'
puma (3.12.0) lib/puma/server.rb:472:in `process_client'
puma (3.12.0) lib/puma/server.rb:332:in `block in run'
puma (3.12.0) lib/puma/thread_pool.rb:133:in `block in spawn_thread'
Started GET "/" for 127.0.0.1 at 2018-10-13 18:41:27 +0100
Processing by Rails::WelcomeController#index as HTML
  Rendering /usr/local/rvm/gems/ruby-2.3.7/gems/railties-5.2.1/lib/rails/templates/rails/welcome/index.html.erb
  Rendered /usr/local/rvm/gems/ruby-2.3.7/gems/railties-5.2.1/lib/rails/templates/rails/welcome/index.html.erb (2.7ms)
Completed 200 OK in 14ms (Views: 8.5ms | ActiveRecord: 0.0ms)


Started GET "/" for 127.0.0.1 at 2018-10-13 18:42:57 +0100
Processing by Rails::WelcomeController#index as HTML
  Rendering /usr/local/rvm/gems/ruby-2.3.7/gems/railties-5.2.1/lib/rails/templates/rails/welcome/index.html.erb
  Rendered /usr/local/rvm/gems/ruby-2.3.7/gems/railties-5.2.1/lib/rails/templates/rails/welcome/index.html.erb (2.4ms)
Completed 200 OK in 13ms (Views: 7.5ms | ActiveRecord: 0.0ms)


Started GET "/home" for 127.0.0.1 at 2018-10-13 18:43:02 +0100
  
ActionController::RoutingError (No route matches [GET] "/home"):
  
actionpack (5.2.1) lib/action_dispatch/middleware/debug_exceptions.rb:65:in `call'
web-console (3.7.0) lib/web_console/middleware.rb:135:in `call_app'
web-console (3.7.0) lib/web_console/middleware.rb:30:in `block in call'
web-console (3.7.0) lib/web_console/middleware.rb:20:in `catch'
web-console (3.7.0) lib/web_console/middleware.rb:20:in `call'
actionpack (5.2.1) lib/action_dispatch/middleware/show_exceptions.rb:33:in `call'
railties (5.2.1) lib/rails/rack/logger.rb:38:in `call_app'
railties (5.2.1) lib/rails/rack/logger.rb:26:in `block in call'
activesupport (5.2.1) lib/active_support/tagged_logging.rb:71:in `block in tagged'
activesupport (5.2.1) lib/active_support/tagged_logging.rb:28:in `tagged'
activesupport (5.2.1) lib/active_support/tagged_logging.rb:71:in `tagged'
railties (5.2.1) lib/rails/rack/logger.rb:26:in `call'
sprockets-rails (3.2.1) lib/sprockets/rails/quiet_assets.rb:13:in `call'
actionpack (5.2.1) lib/action_dispatch/middleware/remote_ip.rb:81:in `call'
actionpack (5.2.1) lib/action_dispatch/middleware/request_id.rb:27:in `call'
rack (2.0.5) lib/rack/method_override.rb:22:in `call'
rack (2.0.5) lib/rack/runtime.rb:22:in `call'
activesupport (5.2.1) lib/active_support/cache/strategy/local_cache_middleware.rb:29:in `call'
actionpack (5.2.1) lib/action_dispatch/middleware/executor.rb:14:in `call'
actionpack (5.2.1) lib/action_dispatch/middleware/static.rb:127:in `call'
rack (2.0.5) lib/rack/sendfile.rb:111:in `call'
railties (5.2.1) lib/rails/engine.rb:524:in `call'
puma (3.12.0) lib/puma/configuration.rb:225:in `call'
puma (3.12.0) lib/puma/server.rb:658:in `handle_request'
puma (3.12.0) lib/puma/server.rb:472:in `process_client'
puma (3.12.0) lib/puma/server.rb:332:in `block in run'
puma (3.12.0) lib/puma/thread_pool.rb:133:in `block in spawn_thread'
Started GET "/" for 127.0.0.1 at 2018-10-13 18:54:35 +0100
Processing by ApplicationController#hello as HTML
  Rendering html template
  Rendered html template (0.0ms)
Completed 200 OK in 3ms (Views: 2.6ms | ActiveRecord: 0.0ms)


Started GET "/" for 127.0.0.1 at 2018-10-13 18:55:11 +0100
Processing by PagesController#index as HTML
Completed 500 Internal Server Error in 15ms (ActiveRecord: 0.0ms)


  
ActionView::MissingTemplate (Missing template pages/index, application/index with {:locale=>[:en], :formats=>[:html], :variants=>[], :handlers=>[:raw, :erb, :html, :builder, :ruby, :coffee, :jbuilder]}. Searched in:
  * "/Users/jamesojo/Dropbox (Personal)/Documents/Coding/Rails/courier/app/views"
):
  
app/controllers/pages_controller.rb:3:in `index'
Started GET "/" for 127.0.0.1 at 2018-10-13 19:00:00 +0100
Processing by PagesController#home as HTML
  Rendering pages/home.html.erb within layouts/application
  Rendered pages/home.html.erb within layouts/application (0.4ms)
Completed 200 OK in 493ms (Views: 487.7ms | ActiveRecord: 0.0ms)


Started GET "/" for 127.0.0.1 at 2018-10-13 19:00:57 +0100
Processing by PagesController#home as HTML
  Rendering pages/home.html within layouts/application
  Rendered pages/home.html within layouts/application (0.4ms)
Completed 200 OK in 49ms (Views: 42.3ms | ActiveRecord: 0.0ms)


Started GET "/" for 127.0.0.1 at 2018-10-13 19:01:00 +0100
Processing by PagesController#home as HTML
  Rendering pages/home.html within layouts/application
  Rendered pages/home.html within layouts/application (0.6ms)
Completed 200 OK in 58ms (Views: 50.8ms | ActiveRecord: 0.0ms)


Started GET "/" for 127.0.0.1 at 2018-10-13 19:01:07 +0100
Processing by PagesController#home as HTML
  Rendering pages/home.html within layouts/application
  Rendered pages/home.html within layouts/application (0.6ms)
Completed 200 OK in 67ms (Views: 60.6ms | ActiveRecord: 0.0ms)


Started GET "/" for 127.0.0.1 at 2018-10-13 19:01:16 +0100
Processing by PagesController#home as HTML
  Rendering pages/home.html within layouts/application
  Rendered pages/home.html within layouts/application (0.4ms)
Completed 200 OK in 30ms (Views: 25.7ms | ActiveRecord: 0.0ms)


Started GET "/" for 127.0.0.1 at 2018-10-13 19:01:29 +0100
Processing by PagesController#index as HTML
Completed 500 Internal Server Error in 8ms (ActiveRecord: 0.0ms)


  
ActionView::MissingTemplate (Missing template pages/index, application/index with {:locale=>[:en], :formats=>[:html], :variants=>[], :handlers=>[:raw, :erb, :html, :builder, :ruby, :coffee, :jbuilder]}. Searched in:
  * "/Users/jamesojo/Dropbox (Personal)/Documents/Coding/Rails/courier/app/views"
):
  
app/controllers/pages_controller.rb:3:in `index'
Started GET "/" for 127.0.0.1 at 2018-10-13 19:01:53 +0100
Processing by PagesController#index as HTML
Completed 500 Internal Server Error in 7ms (ActiveRecord: 0.0ms)


  
ActionView::MissingTemplate (Missing template pages/index, application/index with {:locale=>[:en], :formats=>[:html], :variants=>[], :handlers=>[:raw, :erb, :html, :builder, :ruby, :coffee, :jbuilder]}. Searched in:
  * "/Users/jamesojo/Dropbox (Personal)/Documents/Coding/Rails/courier/app/views"
):
  
app/controllers/pages_controller.rb:3:in `index'
Started GET "/" for 127.0.0.1 at 2018-10-13 19:02:11 +0100
Processing by PagesController#index as HTML
Completed 500 Internal Server Error in 8ms (ActiveRecord: 0.0ms)


  
ActionView::MissingTemplate (Missing template pages/index, application/index with {:locale=>[:en], :formats=>[:html], :variants=>[], :handlers=>[:raw, :erb, :html, :builder, :ruby, :coffee, :jbuilder]}. Searched in:
  * "/Users/jamesojo/Dropbox (Personal)/Documents/Coding/Rails/courier/app/views"
):
  
app/controllers/pages_controller.rb:3:in `index'
Started GET "/" for 127.0.0.1 at 2018-10-13 19:03:00 +0100
Processing by PagesController#index as HTML
Completed 500 Internal Server Error in 8ms (ActiveRecord: 0.0ms)


  
ActionView::MissingTemplate (Missing template pages/index, application/index with {:locale=>[:en], :formats=>[:html], :variants=>[], :handlers=>[:raw, :erb, :html, :builder, :ruby, :coffee, :jbuilder]}. Searched in:
  * "/Users/jamesojo/Dropbox (Personal)/Documents/Coding/Rails/courier/app/views"
):
  
app/controllers/pages_controller.rb:3:in `index'
Started GET "/pages" for 127.0.0.1 at 2018-10-13 19:03:13 +0100
  
ActionController::RoutingError (No route matches [GET] "/pages"):
  
actionpack (5.2.1) lib/action_dispatch/middleware/debug_exceptions.rb:65:in `call'
web-console (3.7.0) lib/web_console/middleware.rb:135:in `call_app'
web-console (3.7.0) lib/web_console/middleware.rb:30:in `block in call'
web-console (3.7.0) lib/web_console/middleware.rb:20:in `catch'
web-console (3.7.0) lib/web_console/middleware.rb:20:in `call'
actionpack (5.2.1) lib/action_dispatch/middleware/show_exceptions.rb:33:in `call'
railties (5.2.1) lib/rails/rack/logger.rb:38:in `call_app'
railties (5.2.1) lib/rails/rack/logger.rb:26:in `block in call'
activesupport (5.2.1) lib/active_support/tagged_logging.rb:71:in `block in tagged'
activesupport (5.2.1) lib/active_support/tagged_logging.rb:28:in `tagged'
activesupport (5.2.1) lib/active_support/tagged_logging.rb:71:in `tagged'
railties (5.2.1) lib/rails/rack/logger.rb:26:in `call'
sprockets-rails (3.2.1) lib/sprockets/rails/quiet_assets.rb:13:in `call'
actionpack (5.2.1) lib/action_dispatch/middleware/remote_ip.rb:81:in `call'
actionpack (5.2.1) lib/action_dispatch/middleware/request_id.rb:27:in `call'
rack (2.0.5) lib/rack/method_override.rb:22:in `call'
rack (2.0.5) lib/rack/runtime.rb:22:in `call'
activesupport (5.2.1) lib/active_support/cache/strategy/local_cache_middleware.rb:29:in `call'
actionpack (5.2.1) lib/action_dispatch/middleware/executor.rb:14:in `call'
actionpack (5.2.1) lib/action_dispatch/middleware/static.rb:127:in `call'
rack (2.0.5) lib/rack/sendfile.rb:111:in `call'
railties (5.2.1) lib/rails/engine.rb:524:in `call'
puma (3.12.0) lib/puma/configuration.rb:225:in `call'
puma (3.12.0) lib/puma/server.rb:658:in `handle_request'
puma (3.12.0) lib/puma/server.rb:472:in `process_client'
puma (3.12.0) lib/puma/server.rb:332:in `block in run'
puma (3.12.0) lib/puma/thread_pool.rb:133:in `block in spawn_thread'
Started GET "/" for 127.0.0.1 at 2018-10-13 19:03:17 +0100
Processing by PagesController#index as HTML
Completed 500 Internal Server Error in 12ms (ActiveRecord: 0.0ms)


  
ActionView::MissingTemplate (Missing template pages/index, application/index with {:locale=>[:en], :formats=>[:html], :variants=>[], :handlers=>[:raw, :erb, :html, :builder, :ruby, :coffee, :jbuilder]}. Searched in:
  * "/Users/jamesojo/Dropbox (Personal)/Documents/Coding/Rails/courier/app/views"
):
  
app/controllers/pages_controller.rb:3:in `index'
Started GET "/" for 127.0.0.1 at 2018-10-13 19:03:31 +0100
Processing by Rails::WelcomeController#index as HTML
  Rendering /usr/local/rvm/gems/ruby-2.3.7/gems/railties-5.2.1/lib/rails/templates/rails/welcome/index.html.erb
  Rendered /usr/local/rvm/gems/ruby-2.3.7/gems/railties-5.2.1/lib/rails/templates/rails/welcome/index.html.erb (2.4ms)
Completed 200 OK in 14ms (Views: 6.9ms | ActiveRecord: 0.0ms)


Started GET "/" for 127.0.0.1 at 2018-10-13 19:04:06 +0100
Processing by PagesController#index as HTML
Completed 500 Internal Server Error in 8ms (ActiveRecord: 0.0ms)


  
ActionView::MissingTemplate (Missing template pages/index, application/index with {:locale=>[:en], :formats=>[:html], :variants=>[], :handlers=>[:raw, :erb, :html, :builder, :ruby, :coffee, :jbuilder]}. Searched in:
  * "/Users/jamesojo/Dropbox (Personal)/Documents/Coding/Rails/courier/app/views"
):
  
app/controllers/pages_controller.rb:4:in `index'
Started GET "/" for 127.0.0.1 at 2018-10-13 19:05:43 +0100
Processing by PagesController#index as HTML
  Rendering pages/index.html.erb within layouts/application
  Rendered pages/index.html.erb within layouts/application (0.4ms)
Completed 200 OK in 34ms (Views: 33.6ms | ActiveRecord: 0.0ms)


Started GET "/" for 127.0.0.1 at 2018-10-13 19:08:29 +0100
Processing by PagesController#index as HTML
  Rendering pages/index.html.erb within layouts/application
  Rendered pages/index.html.erb within layouts/application (0.4ms)
Completed 200 OK in 32ms (Views: 31.7ms | ActiveRecord: 0.0ms)


Started GET "/" for 127.0.0.1 at 2018-10-13 19:08:37 +0100
Processing by PagesController#index as HTML
Completed 500 Internal Server Error in 15ms (ActiveRecord: 0.0ms)


  
ActionView::MissingTemplate (Missing template pages/index, application/index with {:locale=>[:en], :formats=>[:html], :variants=>[], :handlers=>[:raw, :erb, :html, :builder, :ruby, :coffee, :jbuilder]}. Searched in:
  * "/Users/jamesojo/Dropbox (Personal)/Documents/Coding/Rails/courier/app/views"
):
  
app/controllers/pages_controller.rb:4:in `index'
Started GET "/" for 127.0.0.1 at 2018-10-13 19:09:19 +0100
Processing by PagesController#index as HTML
Completed 500 Internal Server Error in 8ms (ActiveRecord: 0.0ms)


  
ActionView::MissingTemplate (Missing template pages/index, application/index with {:locale=>[:en], :formats=>[:html], :variants=>[], :handlers=>[:raw, :erb, :html, :builder, :ruby, :coffee, :jbuilder]}. Searched in:
  * "/Users/jamesojo/Dropbox (Personal)/Documents/Coding/Rails/courier/app/views"
):
  
app/controllers/pages_controller.rb:4:in `index'
Started GET "/" for 127.0.0.1 at 2018-10-13 19:09:34 +0100
Processing by PagesController#index as HTML
Completed 500 Internal Server Error in 8ms (ActiveRecord: 0.0ms)


  
ActionView::MissingTemplate (Missing template pages/index, application/index with {:locale=>[:en], :formats=>[:html], :variants=>[], :handlers=>[:raw, :erb, :html, :builder, :ruby, :coffee, :jbuilder]}. Searched in:
  * "/Users/jamesojo/Dropbox (Personal)/Documents/Coding/Rails/courier/app/views"
):
  
app/controllers/pages_controller.rb:4:in `index'
Started GET "/" for 127.0.0.1 at 2018-10-13 19:10:04 +0100
Processing by PagesController#index as HTML
Completed 500 Internal Server Error in 8ms (ActiveRecord: 0.0ms)


  
ActionView::MissingTemplate (Missing template pages/index, application/index with {:locale=>[:en], :formats=>[:html], :variants=>[], :handlers=>[:raw, :erb, :html, :builder, :ruby, :coffee, :jbuilder]}. Searched in:
  * "/Users/jamesojo/Dropbox (Personal)/Documents/Coding/Rails/courier/app/views"
):
  
app/controllers/pages_controller.rb:4:in `index'
Started GET "/pages" for 127.0.0.1 at 2018-10-13 19:10:09 +0100
  
ActionController::RoutingError (No route matches [GET] "/pages"):
  
actionpack (5.2.1) lib/action_dispatch/middleware/debug_exceptions.rb:65:in `call'
web-console (3.7.0) lib/web_console/middleware.rb:135:in `call_app'
web-console (3.7.0) lib/web_console/middleware.rb:30:in `block in call'
web-console (3.7.0) lib/web_console/middleware.rb:20:in `catch'
web-console (3.7.0) lib/web_console/middleware.rb:20:in `call'
actionpack (5.2.1) lib/action_dispatch/middleware/show_exceptions.rb:33:in `call'
railties (5.2.1) lib/rails/rack/logger.rb:38:in `call_app'
railties (5.2.1) lib/rails/rack/logger.rb:26:in `block in call'
activesupport (5.2.1) lib/active_support/tagged_logging.rb:71:in `block in tagged'
activesupport (5.2.1) lib/active_support/tagged_logging.rb:28:in `tagged'
activesupport (5.2.1) lib/active_support/tagged_logging.rb:71:in `tagged'
railties (5.2.1) lib/rails/rack/logger.rb:26:in `call'
sprockets-rails (3.2.1) lib/sprockets/rails/quiet_assets.rb:13:in `call'
actionpack (5.2.1) lib/action_dispatch/middleware/remote_ip.rb:81:in `call'
actionpack (5.2.1) lib/action_dispatch/middleware/request_id.rb:27:in `call'
rack (2.0.5) lib/rack/method_override.rb:22:in `call'
rack (2.0.5) lib/rack/runtime.rb:22:in `call'
activesupport (5.2.1) lib/active_support/cache/strategy/local_cache_middleware.rb:29:in `call'
actionpack (5.2.1) lib/action_dispatch/middleware/executor.rb:14:in `call'
actionpack (5.2.1) lib/action_dispatch/middleware/static.rb:127:in `call'
rack (2.0.5) lib/rack/sendfile.rb:111:in `call'
railties (5.2.1) lib/rails/engine.rb:524:in `call'
puma (3.12.0) lib/puma/configuration.rb:225:in `call'
puma (3.12.0) lib/puma/server.rb:658:in `handle_request'
puma (3.12.0) lib/puma/server.rb:472:in `process_client'
puma (3.12.0) lib/puma/server.rb:332:in `block in run'
puma (3.12.0) lib/puma/thread_pool.rb:133:in `block in spawn_thread'
Started GET "/" for 127.0.0.1 at 2018-10-13 19:13:49 +0100
Processing by PagesController#index as HTML
  Rendering pages/index.html within layouts/application
  Rendered pages/index.html within layouts/application (0.4ms)
Completed 200 OK in 37ms (Views: 36.8ms | ActiveRecord: 0.0ms)


Started GET "/" for 127.0.0.1 at 2018-10-13 19:14:03 +0100
Processing by PagesController#index as HTML
  Rendering pages/index.html.erb within layouts/application
  Rendered pages/index.html.erb within layouts/application (0.4ms)
Completed 200 OK in 39ms (Views: 38.4ms | ActiveRecord: 0.0ms)


Started GET "/" for 127.0.0.1 at 2018-10-13 19:15:03 +0100
Processing by PagesController#index as HTML
  Rendering pages/index.html.erb within layouts/application
  Rendered pages/index.html.erb within layouts/application (0.3ms)
Completed 200 OK in 36ms (Views: 35.7ms | ActiveRecord: 0.0ms)


Started GET "/" for 127.0.0.1 at 2018-10-13 19:15:38 +0100
Processing by PagesController#index as HTML
  Rendering pages/index.html.erb within layouts/application
  Rendered pages/index.html.erb within layouts/application (0.3ms)
Completed 200 OK in 40ms (Views: 38.7ms | ActiveRecord: 0.0ms)


Started GET "/" for 127.0.0.1 at 2018-10-13 19:15:51 +0100
Processing by PagesController#index as HTML
  Rendering pages/index.html.erb within layouts/application
  Rendered pages/index.html.erb within layouts/application (0.3ms)
Completed 200 OK in 33ms (Views: 32.5ms | ActiveRecord: 0.0ms)


Started GET "/" for 127.0.0.1 at 2018-10-13 19:16:08 +0100
Processing by PagesController#index as HTML
  Rendering pages/index.html.erb within layouts/application
  Rendered pages/index.html.erb within layouts/application (0.4ms)
Completed 200 OK in 35ms (Views: 33.8ms | ActiveRecord: 0.0ms)


Started GET "/" for 127.0.0.1 at 2018-10-13 19:16:30 +0100
Processing by PagesController#index as HTML
  Rendering pages/index.html.erb within layouts/application
  Rendered pages/index.html.erb within layouts/application (0.3ms)
Completed 200 OK in 35ms (Views: 34.3ms | ActiveRecord: 0.0ms)


Started GET "/" for 127.0.0.1 at 2018-10-13 19:16:44 +0100
Processing by PagesController#index as HTML
  Rendering pages/index.html.erb within layouts/application
  Rendered pages/index.html.erb within layouts/application (0.9ms)
Completed 200 OK in 35ms (Views: 34.4ms | ActiveRecord: 0.0ms)


Started GET "/" for 127.0.0.1 at 2018-10-13 19:18:20 +0100
Processing by PagesController#index as HTML
Completed 500 Internal Server Error in 6ms (ActiveRecord: 0.0ms)


  
ActionView::MissingTemplate (Missing partial pages/_index with {:locale=>[:en], :formats=>[:html], :variants=>[], :handlers=>[:raw, :erb, :html, :builder, :ruby, :coffee, :jbuilder]}. Searched in:
  * "/Users/jamesojo/Dropbox (Personal)/Documents/Coding/Rails/courier/app/views"
):
  
app/controllers/pages_controller.rb:4:in `index'
Started GET "/" for 127.0.0.1 at 2018-10-13 19:18:42 +0100
Processing by PagesController#index as HTML
Completed 500 Internal Server Error in 5ms (ActiveRecord: 0.0ms)


  
ActionView::MissingTemplate (Missing partial home/pages/_index with {:locale=>[:en], :formats=>[:html], :variants=>[], :handlers=>[:raw, :erb, :html, :builder, :ruby, :coffee, :jbuilder]}. Searched in:
  * "/Users/jamesojo/Dropbox (Personal)/Documents/Coding/Rails/courier/app/views"
):
  
app/controllers/pages_controller.rb:4:in `index'
Started GET "/" for 127.0.0.1 at 2018-10-13 19:18:52 +0100
Processing by PagesController#index as HTML
  Rendering pages/index.html.erb within layouts/application
  Rendered pages/index.html.erb within layouts/application (0.4ms)
Completed 200 OK in 39ms (Views: 38.4ms | ActiveRecord: 0.0ms)


Started GET "/" for 127.0.0.1 at 2018-10-13 19:19:56 +0100
Processing by PagesController#index as HTML
  Rendering pages/index.html.erb within layouts/application
  Rendered pages/index.html.erb within layouts/application (0.5ms)
Completed 200 OK in 38ms (Views: 37.2ms | ActiveRecord: 0.0ms)


Started GET "/" for 127.0.0.1 at 2018-10-13 19:20:11 +0100
Processing by PagesController#index as HTML
  Rendering pages/index.html.erb within layouts/application
  Rendered pages/index.html.erb within layouts/application (0.7ms)
Completed 200 OK in 44ms (Views: 43.3ms | ActiveRecord: 0.0ms)


Started GET "/" for 127.0.0.1 at 2018-10-13 19:20:24 +0100
Processing by PagesController#index as HTML
  Rendering text template
  Rendered text template (0.0ms)
Completed 200 OK in 4ms (Views: 3.4ms | ActiveRecord: 0.0ms)


Started GET "/" for 127.0.0.1 at 2018-10-13 19:20:38 +0100
Processing by PagesController#index as HTML
  Rendering pages/index.html.erb within layouts/application
  Rendered pages/index.html.erb within layouts/application (0.5ms)
Completed 200 OK in 45ms (Views: 40.6ms | ActiveRecord: 0.0ms)


Started GET "/" for 127.0.0.1 at 2018-10-13 19:26:59 +0100
Processing by PagesController#index as HTML
  Rendering pages/index.html.erb within layouts/application
  Rendered pages/index.html.erb within layouts/application (0.5ms)
Completed 200 OK in 37ms (Views: 28.8ms | ActiveRecord: 0.0ms)


Started GET "/" for 127.0.0.1 at 2018-10-16 19:10:59 +0100
  
ActionController::RoutingError (undefined local variable or method `exception' for ApplicationController:Class):
  
app/controllers/application_controller.rb:2:in `<class:ApplicationController>'
app/controllers/application_controller.rb:1:in `<main>'
Started GET "/" for 127.0.0.1 at 2018-10-16 19:11:26 +0100
  
ActionController::RoutingError (undefined local variable or method `exception' for ApplicationController:Class):
  
app/controllers/application_controller.rb:2:in `<class:ApplicationController>'
app/controllers/application_controller.rb:1:in `<main>'
app/controllers/pages_controller.rb:1:in `<main>'
Started GET "/" for 127.0.0.1 at 2018-10-16 19:11:31 +0100
  
ActionController::RoutingError (undefined local variable or method `exception' for ApplicationController:Class):
  
app/controllers/application_controller.rb:2:in `<class:ApplicationController>'
app/controllers/application_controller.rb:1:in `<main>'
app/controllers/pages_controller.rb:1:in `<main>'
Started GET "/" for 127.0.0.1 at 2018-10-16 19:12:02 +0100
  
ActionController::RoutingError (undefined local variable or method `exception' for ApplicationController:Class):
  
app/controllers/application_controller.rb:2:in `<class:ApplicationController>'
app/controllers/application_controller.rb:1:in `<main>'
app/controllers/pages_controller.rb:1:in `<main>'
Started GET "/" for 127.0.0.1 at 2018-10-16 19:12:06 +0100
  
ActionController::RoutingError (undefined local variable or method `exception' for ApplicationController:Class):
  
app/controllers/application_controller.rb:2:in `<class:ApplicationController>'
app/controllers/application_controller.rb:1:in `<main>'
app/controllers/pages_controller.rb:1:in `<main>'
Started GET "/pages" for 127.0.0.1 at 2018-10-16 19:12:27 +0100
  
ActionController::RoutingError (No route matches [GET] "/pages"):
  
actionpack (5.2.1) lib/action_dispatch/middleware/debug_exceptions.rb:65:in `call'
web-console (3.7.0) lib/web_console/middleware.rb:135:in `call_app'
web-console (3.7.0) lib/web_console/middleware.rb:30:in `block in call'
web-console (3.7.0) lib/web_console/middleware.rb:20:in `catch'
web-console (3.7.0) lib/web_console/middleware.rb:20:in `call'
actionpack (5.2.1) lib/action_dispatch/middleware/show_exceptions.rb:33:in `call'
railties (5.2.1) lib/rails/rack/logger.rb:38:in `call_app'
railties (5.2.1) lib/rails/rack/logger.rb:26:in `block in call'
activesupport (5.2.1) lib/active_support/tagged_logging.rb:71:in `block in tagged'
activesupport (5.2.1) lib/active_support/tagged_logging.rb:28:in `tagged'
activesupport (5.2.1) lib/active_support/tagged_logging.rb:71:in `tagged'
railties (5.2.1) lib/rails/rack/logger.rb:26:in `call'
sprockets-rails (3.2.1) lib/sprockets/rails/quiet_assets.rb:13:in `call'
actionpack (5.2.1) lib/action_dispatch/middleware/remote_ip.rb:81:in `call'
actionpack (5.2.1) lib/action_dispatch/middleware/request_id.rb:27:in `call'
rack (2.0.5) lib/rack/method_override.rb:22:in `call'
rack (2.0.5) lib/rack/runtime.rb:22:in `call'
activesupport (5.2.1) lib/active_support/cache/strategy/local_cache_middleware.rb:29:in `call'
actionpack (5.2.1) lib/action_dispatch/middleware/executor.rb:14:in `call'
actionpack (5.2.1) lib/action_dispatch/middleware/static.rb:127:in `call'
rack (2.0.5) lib/rack/sendfile.rb:111:in `call'
railties (5.2.1) lib/rails/engine.rb:524:in `call'
puma (3.12.0) lib/puma/configuration.rb:225:in `call'
puma (3.12.0) lib/puma/server.rb:658:in `handle_request'
puma (3.12.0) lib/puma/server.rb:472:in `process_client'
puma (3.12.0) lib/puma/server.rb:332:in `block in run'
puma (3.12.0) lib/puma/thread_pool.rb:133:in `block in spawn_thread'
Started GET "/" for 127.0.0.1 at 2018-10-16 19:12:33 +0100
  
ActionController::RoutingError (undefined local variable or method `exception' for ApplicationController:Class):
  
app/controllers/application_controller.rb:2:in `<class:ApplicationController>'
app/controllers/application_controller.rb:1:in `<main>'
app/controllers/pages_controller.rb:1:in `<main>'
Started GET "/" for 127.0.0.1 at 2018-10-16 19:12:51 +0100
Processing by PagesController#index as HTML
  Rendering pages/index.html.erb within layouts/application
  Rendered pages/index.html.erb within layouts/application (0.4ms)
Completed 200 OK in 42ms (Views: 38.2ms | ActiveRecord: 0.0ms)


Started GET "/" for 127.0.0.1 at 2018-10-16 19:13:08 +0100
Processing by ApplicationController#hello as HTML
  Rendering html template
  Rendered html template (0.0ms)
Completed 200 OK in 2ms (Views: 0.8ms | ActiveRecord: 0.0ms)


Started GET "/" for 127.0.0.1 at 2018-10-16 19:13:59 +0100
Processing by ApplicationController#hello as HTML
  Rendering html template
  Rendered html template (0.0ms)
Completed 200 OK in 1ms (Views: 0.5ms | ActiveRecord: 0.0ms)


Started GET "/" for 127.0.0.1 at 2018-10-16 19:14:18 +0100
Processing by ApplicationController#hello as HTML
  Rendering html template
  Rendered html template (0.0ms)
Completed 200 OK in 1ms (Views: 0.6ms | ActiveRecord: 0.0ms)


Started GET "/" for 127.0.0.1 at 2018-10-16 19:14:27 +0100
Processing by ApplicationController#hello as HTML
  Rendering html template
  Rendered html template (0.0ms)
Completed 200 OK in 1ms (Views: 0.5ms | ActiveRecord: 0.0ms)


Started GET "/" for 127.0.0.1 at 2018-10-16 19:15:04 +0100
Processing by ApplicationController#goodbye as HTML
  Rendering html template
  Rendered html template (0.0ms)
Completed 200 OK in 1ms (Views: 0.5ms | ActiveRecord: 0.0ms)


Started GET "/" for 127.0.0.1 at 2018-10-17 09:03:34 +0100
Processing by ApplicationController#goodbye as HTML
  Rendering html template
  Rendered html template (0.2ms)
Completed 200 OK in 14ms (Views: 5.8ms | ActiveRecord: 0.0ms)


Started GET "/" for 127.0.0.1 at 2018-10-17 09:04:21 +0100
Processing by ApplicationController#goodbye as HTML
  Rendering text template
  Rendered text template (0.0ms)
Completed 200 OK in 3ms (Views: 1.7ms | ActiveRecord: 0.0ms)


Started GET "/" for 127.0.0.1 at 2018-10-17 09:04:24 +0100
Processing by ApplicationController#goodbye as HTML
  Rendering text template
  Rendered text template (0.1ms)
Completed 200 OK in 3ms (Views: 1.6ms | ActiveRecord: 0.0ms)


Started GET "/" for 127.0.0.1 at 2018-10-17 09:04:46 +0100
Processing by ApplicationController#hello as HTML
  Rendering text template
  Rendered text template (0.0ms)
Completed 200 OK in 3ms (Views: 0.9ms | ActiveRecord: 0.0ms)


Started GET "/" for 127.0.0.1 at 2018-10-17 09:04:58 +0100
Processing by ApplicationController#goodbye as HTML
  Rendering text template
  Rendered text template (0.0ms)
Completed 200 OK in 2ms (Views: 1.5ms | ActiveRecord: 0.0ms)


Started GET "/" for 127.0.0.1 at 2018-10-17 09:05:11 +0100
Processing by ApplicationController#goodbye as HTML
  Rendering html template
  Rendered html template (0.0ms)
Completed 200 OK in 1ms (Views: 0.7ms | ActiveRecord: 0.0ms)


Started GET "/" for 127.0.0.1 at 2018-10-17 09:05:14 +0100
Processing by ApplicationController#goodbye as HTML
  Rendering html template
  Rendered html template (0.0ms)
Completed 200 OK in 1ms (Views: 0.5ms | ActiveRecord: 0.0ms)


Started GET "/" for 127.0.0.1 at 2018-10-17 09:05:31 +0100
Processing by ApplicationController#hello as HTML
  Rendering html template
  Rendered html template (0.0ms)
Completed 200 OK in 3ms (Views: 2.1ms | ActiveRecord: 0.0ms)


Started GET "/" for 127.0.0.1 at 2018-10-17 09:05:40 +0100
Processing by ApplicationController#goodbye as HTML
  Rendering html template
  Rendered html template (0.0ms)
Completed 200 OK in 3ms (Views: 1.5ms | ActiveRecord: 0.0ms)


Started GET "/" for 127.0.0.1 at 2018-10-18 17:20:42 +0100
Processing by ApplicationController#goodbye as HTML
  Rendering html template
  Rendered html template (0.6ms)
Completed 200 OK in 8ms (Views: 3.4ms | ActiveRecord: 0.0ms)


Started GET "/" for 127.0.0.1 at 2018-10-19 12:12:34 +0100
Processing by ApplicationController#goodbye as HTML
  Rendering html template
  Rendered html template (1.5ms)
Completed 200 OK in 28ms (Views: 12.9ms | ActiveRecord: 0.0ms)


Started GET "/" for 127.0.0.1 at 2018-10-19 12:12:48 +0100
Processing by ApplicationController#goodbye as HTML
  Rendering html template
  Rendered html template (1.5ms)
Completed 200 OK in 8ms (Views: 2.9ms | ActiveRecord: 0.0ms)


